Build started 07/10/2021 12:27:34.
     1>Project "D:\2019\Autumn\CE889 - Neural Networks and Deep Learning\Assignment\Solo Task\NeuralNet\NeuralNet\NeuralNet.vcxproj" on node 2 (Build target(s)).
     1>ClCompile:
         C:\Program Files (x86)\Microsoft Visual Studio 14.0\VC\bin\CL.exe /c /I"C:\Program Files\MobileRobots\ARIA\include" /ZI /W3 /WX- /sdl /O2 /Oy- /D WIN32 /D _DEBUG /D _CONSOLE /D _UNICODE /D UNICODE /Gm /EHsc /MDd /GS /fp:precise /Zc:wchar_t /Zc:forScope /Zc:inline /openmp /Fo"Debug\\" /Fd"Debug\vc140.pdb" /Gd /TP /analyze- /errorReport:prompt /Qpar /Qpar-report:1 /arch:AVX /Qvec-report:1 NeuralNetworkManager.cpp
         Microsoft (R) C/C++ Optimizing Compiler Version 19.00.24210 for x86
         Copyright (C) Microsoft Corporation.  All rights reserved.
         
         cl /c /I"C:\Program Files\MobileRobots\ARIA\include" /ZI /W3 /WX- /sdl /O2 /Oy- /D WIN32 /D _DEBUG /D _CONSOLE /D _UNICODE /D UNICODE /Gm /EHsc /MDd /GS /fp:precise /Zc:wchar_t /Zc:forScope /Zc:inline /openmp /Fo"Debug\\" /Fd"Debug\vc140.pdb" /Gd /TP /analyze- /errorReport:prompt /Qpar /Qpar-report:1 /arch:AVX /Qvec-report:1 NeuralNetworkManager.cpp
         
         NeuralNetworkManager.cpp
     1>d:\2019\autumn\ce889 - neural networks and deep learning\assignment\solo task\neuralnet\neuralnet\neuralnetworkmanager.cpp(252): warning C4018: '<': signed/unsigned mismatch
     1>d:\2019\autumn\ce889 - neural networks and deep learning\assignment\solo task\neuralnet\neuralnet\neuralnetworkmanager.cpp(435): warning C4244: 'argument': conversion from 'double' to 'int', possible loss of data
     1>d:\2019\autumn\ce889 - neural networks and deep learning\assignment\solo task\neuralnet\neuralnet\neuralnetworkmanager.cpp(437): warning C4244: 'argument': conversion from 'double' to 'int', possible loss of data
     1>d:\2019\autumn\ce889 - neural networks and deep learning\assignment\solo task\neuralnet\neuralnet\neuralnetworkmanager.cpp(439): warning C4244: 'argument': conversion from 'double' to 'int', possible loss of data
       Link:
         C:\Program Files (x86)\Microsoft Visual Studio 14.0\VC\bin\link.exe /ERRORREPORT:PROMPT /OUT:"D:\2019\Autumn\CE889 - Neural Networks and Deep Learning\Assignment\Solo Task\NeuralNet\Debug\NeuralNet.exe" /INCREMENTAL /NOLOGO /LIBPATH:"C:\Program Files\MobileRobots\ARIA\lib" AriaDebugVC14.lib kernel32.lib user32.lib gdi32.lib winspool.lib comdlg32.lib advapi32.lib shell32.lib ole32.lib oleaut32.lib uuid.lib odbc32.lib odbccp32.lib /MANIFEST /MANIFESTUAC:"level='asInvoker' uiAccess='false'" /manifest:embed /DEBUG /PDB:"D:\2019\Autumn\CE889 - Neural Networks and Deep Learning\Assignment\Solo Task\NeuralNet\Debug\NeuralNet.pdb" /SUBSYSTEM:CONSOLE /TLBID:1 /DYNAMICBASE /NXCOMPAT /IMPLIB:"D:\2019\Autumn\CE889 - Neural Networks and Deep Learning\Assignment\Solo Task\NeuralNet\Debug\NeuralNet.lib" /MACHINE:X86 Debug\Utilities.obj
         Debug\NeuralNetwork.obj
         Debug\NeuralNetworkManager.obj
     1>LINK : fatal error LNK1104: cannot open file 'AriaDebugVC14.lib'
     1>Done Building Project "D:\2019\Autumn\CE889 - Neural Networks and Deep Learning\Assignment\Solo Task\NeuralNet\NeuralNet\NeuralNet.vcxproj" (Build target(s)) -- FAILED.

Build FAILED.

Time Elapsed 00:00:02.67
